<?xml version="1.0" encoding="UTF-8"?>
<!-- Generated by org.testng.reporters.JUnitXMLReporter -->
<testsuite ignored="0" hostname="LAPTOP-E9H80M09" failures="0" tests="1" name="Firefox" time="0.084" errors="0" timestamp="2022-10-12T17:20:12 IST">
  <testcase classname="TestNG.test_flip" name="@BeforeTest openbrowser" time="0.037">
    <failure type="java.lang.NullPointerException" message="Cannot invoke &amp;quot;org.openqa.selenium.WebDriver.get(String)&amp;quot; because &amp;quot;this.driver&amp;quot; is null">
      <![CDATA[java.lang.NullPointerException: Cannot invoke "org.openqa.selenium.WebDriver.get(String)" because "this.driver" is null
at TestNG.test_flip.openbrowser(test_flip.java:51)
... Removed 22 stack frames]]>
    </failure>
  </testcase> <!-- @BeforeTest openbrowser -->
  <testcase classname="TestNG.test_flip" name="@BeforeClass createobjects" time="-1.665575412642E9">
    <skipped/>
  </testcase> <!-- @BeforeClass createobjects -->
  <testcase classname="TestNG.test_flip" name="@BeforeMethod EnterCre" time="-1.665575412648E9">
    <skipped/>
  </testcase> <!-- @BeforeMethod EnterCre -->
  <testcase classname="TestNG.test_flip" name="@AfterMethod out" time="-1.665575412655E9">
    <skipped/>
  </testcase> <!-- @AfterMethod out -->
  <testcase classname="TestNG.test_flip" name="@AfterClass close" time="-1.665575412658E9">
    <skipped/>
  </testcase> <!-- @AfterClass close -->
  <testcase classname="TestNG.test_flip" name="test" time="0.0">
    <skipped/>
  </testcase> <!-- test -->
</testsuite> <!-- Firefox -->
